# JRE version: OpenJDK Runtime Environment Microsoft-8035246 (17.0.8+7) (build 17.0.8+7-LTS)
# Java VM: OpenJDK 64-Bit Server VM Microsoft-8035246 (17.0.8+7-LTS, mixed mode, sharing, tiered, compressed oops, compressed class ptrs, g1 gc, windows-amd64)
GC Precious Log:
 CPUs: 8 total, 8 available
 Memory: 3962M
 Large Page Support: Disabled
 NUMA Support: Disabled
 Compressed Oops: Enabled (32-bit)
 Heap Region Size: 1M
 Heap Min Capacity: 8M
 Heap Initial Capacity: 62M
 Heap Max Capacity: 992M
 Pre-touch: Disabled
 Parallel Workers: 8
 Concurrent Workers: 2
 Concurrent Refinement Workers: 8
 Periodic GC: Disabled
Heap:
 garbage-first heap   total 278528K, used 90683K [0x00000000c2000000, 0x0000000100000000)
  region size 1024K, 8 young (8192K), 1 survivors (1024K)
 Metaspace       used 61606K, committed 61952K, reserved 1114112K
  class space    used 6979K, committed 7168K, reserved 1048576K
GC Heap History (20 events):
Event: 59.415 GC heap before
{Heap before GC invocations=33 (full 0):
 garbage-first heap   total 111616K, used 64737K [0x00000000c2000000, 0x0000000100000000)
  region size 1024K, 5 young (5120K), 2 survivors (2048K)
 Metaspace       used 55617K, committed 56000K, reserved 1114112K
  class space    used 6537K, committed 6720K, reserved 1048576K
}
Event: 59.433 GC heap after
{Heap after GC invocations=34 (full 0):
 garbage-first heap   total 111616K, used 62703K [0x00000000c2000000, 0x0000000100000000)
  region size 1024K, 1 young (1024K), 1 survivors (1024K)
 Metaspace       used 55617K, committed 56000K, reserved 1114112K
  class space    used 6537K, committed 6720K, reserved 1048576K
}
Event: 63.953 GC heap before
{Heap before GC invocations=34 (full 0):
 garbage-first heap   total 111616K, used 89327K [0x00000000c2000000, 0x0000000100000000)
  region size 1024K, 27 young (27648K), 1 survivors (1024K)
 Metaspace       used 58086K, committed 58432K, reserved 1114112K
  class space    used 6722K, committed 6912K, reserved 1048576K
}
Event: 63.986 GC heap after
{Heap after GC invocations=35 (full 0):
 garbage-first heap   total 278528K, used 64886K [0x00000000c2000000, 0x0000000100000000)
  region size 1024K, 3 young (3072K), 3 survivors (3072K)
 Metaspace       used 58086K, committed 58432K, reserved 1114112K
  class space    used 6722K, committed 6912K, reserved 1048576K
}
Event: 93.226 GC heap before
{Heap before GC invocations=35 (full 0):
 garbage-first heap   total 278528K, used 205174K [0x00000000c2000000, 0x0000000100000000)
  region size 1024K, 137 young (140288K), 3 survivors (3072K)
 Metaspace       used 61159K, committed 61568K, reserved 1114112K
  class space    used 6969K, committed 7168K, reserved 1048576K
}
Event: 99.132 GC heap after
{Heap after GC invocations=36 (full 0):
 garbage-first heap   total 278528K, used 78804K [0x00000000c2000000, 0x0000000100000000)
  region size 1024K, 15 young (15360K), 15 survivors (15360K)
 Metaspace       used 61159K, committed 61568K, reserved 1114112K
  class space    used 6969K, committed 7168K, reserved 1048576K
}
Event: 99.713 GC heap before
{Heap before GC invocations=36 (full 0):
 garbage-first heap   total 278528K, used 79828K [0x00000000c2000000, 0x0000000100000000)
  region size 1024K, 16 young (16384K), 15 survivors (15360K)
 Metaspace       used 61180K, committed 61568K, reserved 1114112K
  class space    used 6970K, committed 7168K, reserved 1048576K
}
Event: 101.531 GC heap after
{Heap after GC invocations=37 (full 0):
 garbage-first heap   total 278528K, used 80745K [0x00000000c2000000, 0x0000000100000000)
  region size 1024K, 2 young (2048K), 2 survivors (2048K)
 Metaspace       used 61180K, committed 61568K, reserved 1114112K
  class space    used 6970K, committed 7168K, reserved 1048576K
}
Event: 105.529 GC heap before
{Heap before GC invocations=37 (full 0):
 garbage-first heap   total 278528K, used 92009K [0x00000000c2000000, 0x0000000100000000)
  region size 1024K, 13 young (13312K), 2 survivors (2048K)
 Metaspace       used 61247K, committed 61632K, reserved 1114112K
  class space    used 6970K, committed 7168K, reserved 1048576K
}
Event: 105.537 GC heap after
{Heap after GC invocations=38 (full 0):
 garbage-first heap   total 278528K, used 79909K [0x00000000c2000000, 0x0000000100000000)
  region size 1024K, 2 young (2048K), 2 survivors (2048K)
 Metaspace       used 61247K, committed 61632K, reserved 1114112K
  class space    used 6970K, committed 7168K, reserved 1048576K
}
Event: 107.878 GC heap before
{Heap before GC invocations=38 (full 0):
 garbage-first heap   total 278528K, used 91173K [0x00000000c2000000, 0x0000000100000000)
  region size 1024K, 13 young (13312K), 2 survivors (2048K)
 Metaspace       used 61297K, committed 61696K, reserved 1114112K
  class space    used 6971K, committed 7168K, reserved 1048576K
}
Event: 107.884 GC heap after
{Heap after GC invocations=39 (full 0):
 garbage-first heap   total 278528K, used 80342K [0x00000000c2000000, 0x0000000100000000)
  region size 1024K, 2 young (2048K), 2 survivors (2048K)
 Metaspace       used 61297K, committed 61696K, reserved 1114112K
  class space    used 6971K, committed 7168K, reserved 1048576K
}
Event: 109.979 GC heap before
{Heap before GC invocations=39 (full 0):
 garbage-first heap   total 278528K, used 91606K [0x00000000c2000000, 0x0000000100000000)
  region size 1024K, 13 young (13312K), 2 survivors (2048K)
 Metaspace       used 61421K, committed 61824K, reserved 1114112K
  class space    used 6972K, committed 7168K, reserved 1048576K
}
Event: 110.004 GC heap after
{Heap after GC invocations=40 (full 0):
 garbage-first heap   total 278528K, used 81145K [0x00000000c2000000, 0x0000000100000000)
  region size 1024K, 2 young (2048K), 2 survivors (2048K)
 Metaspace       used 61421K, committed 61824K, reserved 1114112K
  class space    used 6972K, committed 7168K, reserved 1048576K
}
Event: 113.695 GC heap before
{Heap before GC invocations=40 (full 0):
 garbage-first heap   total 278528K, used 92409K [0x00000000c2000000, 0x0000000100000000)
  region size 1024K, 13 young (13312K), 2 survivors (2048K)
 Metaspace       used 61464K, committed 61824K, reserved 1114112K
  class space    used 6972K, committed 7168K, reserved 1048576K
}
Event: 113.715 GC heap after
{Heap after GC invocations=41 (full 0):
 garbage-first heap   total 278528K, used 81871K [0x00000000c2000000, 0x0000000100000000)
  region size 1024K, 2 young (2048K), 2 survivors (2048K)
 Metaspace       used 61464K, committed 61824K, reserved 1114112K
  class space    used 6972K, committed 7168K, reserved 1048576K
}
Event: 121.222 GC heap before
{Heap before GC invocations=41 (full 0):
 garbage-first heap   total 278528K, used 98255K [0x00000000c2000000, 0x0000000100000000)
  region size 1024K, 18 young (18432K), 2 survivors (2048K)
 Metaspace       used 61560K, committed 61952K, reserved 1114112K
  class space    used 6976K, committed 7168K, reserved 1048576K
}
Event: 121.302 GC heap after
{Heap after GC invocations=42 (full 0):
 garbage-first heap   total 278528K, used 83722K [0x00000000c2000000, 0x0000000100000000)
  region size 1024K, 3 young (3072K), 3 survivors (3072K)
 Metaspace       used 61560K, committed 61952K, reserved 1114112K
  class space    used 6976K, committed 7168K, reserved 1048576K
}
Event: 124.790 GC heap before
{Heap before GC invocations=42 (full 0):
 garbage-first heap   total 278528K, used 93962K [0x00000000c2000000, 0x0000000100000000)
  region size 1024K, 13 young (13312K), 3 survivors (3072K)
 Metaspace       used 61572K, committed 61952K, reserved 1114112K
  class space    used 6976K, committed 7168K, reserved 1048576K
}
Event: 124.829 GC heap after
{Heap after GC invocations=43 (full 0):
 garbage-first heap   total 278528K, used 84539K [0x00000000c2000000, 0x0000000100000000)
  region size 1024K, 1 young (1024K), 1 survivors (1024K)
 Metaspace       used 61572K, committed 61952K, reserved 1114112K
  class space    used 6976K, committed 7168K, reserved 1048576K
}

