# JRE version: OpenJDK Runtime Environment Microsoft-8035246 (17.0.8+7) (build 17.0.8+7-LTS)
# Java VM: OpenJDK 64-Bit Server VM Microsoft-8035246 (17.0.8+7-LTS, mixed mode, sharing, tiered, compressed oops, compressed class ptrs, g1 gc, windows-amd64)
GC Precious Log:
 CPUs: 8 total, 8 available
 Memory: 3962M
 Large Page Support: Disabled
 NUMA Support: Disabled
 Compressed Oops: Enabled (32-bit)
 Heap Region Size: 1M
 Heap Min Capacity: 8M
 Heap Initial Capacity: 62M
 Heap Max Capacity: 992M
 Pre-touch: Disabled
 Parallel Workers: 8
 Concurrent Workers: 2
 Concurrent Refinement Workers: 8
 Periodic GC: Disabled
Heap:
 garbage-first heap   total 147456K, used 119466K [0x00000000c2000000, 0x0000000100000000)
  region size 1024K, 35 young (35840K), 1 survivors (1024K)
 Metaspace       used 62186K, committed 62592K, reserved 1114112K
  class space    used 7025K, committed 7232K, reserved 1048576K
GC Heap History (20 events):
Event: 47.972 GC heap before
{Heap before GC invocations=24 (full 0):
 garbage-first heap   total 128000K, used 105871K [0x00000000c2000000, 0x0000000100000000)
  region size 1024K, 35 young (35840K), 1 survivors (1024K)
 Metaspace       used 59858K, committed 60224K, reserved 1114112K
  class space    used 6900K, committed 7104K, reserved 1048576K
}
Event: 47.987 GC heap after
{Heap after GC invocations=25 (full 0):
 garbage-first heap   total 128000K, used 73401K [0x00000000c2000000, 0x0000000100000000)
  region size 1024K, 5 young (5120K), 5 survivors (5120K)
 Metaspace       used 59858K, committed 60224K, reserved 1114112K
  class space    used 6900K, committed 7104K, reserved 1048576K
}
Event: 48.134 GC heap before
{Heap before GC invocations=25 (full 0):
 garbage-first heap   total 128000K, used 74425K [0x00000000c2000000, 0x0000000100000000)
  region size 1024K, 6 young (6144K), 5 survivors (5120K)
 Metaspace       used 59870K, committed 60224K, reserved 1114112K
  class space    used 6900K, committed 7104K, reserved 1048576K
}
Event: 48.154 GC heap after
{Heap after GC invocations=26 (full 0):
 garbage-first heap   total 128000K, used 73457K [0x00000000c2000000, 0x0000000100000000)
  region size 1024K, 1 young (1024K), 1 survivors (1024K)
 Metaspace       used 59870K, committed 60224K, reserved 1114112K
  class space    used 6900K, committed 7104K, reserved 1048576K
}
Event: 53.343 GC heap before
{Heap before GC invocations=26 (full 0):
 garbage-first heap   total 128000K, used 103153K [0x00000000c2000000, 0x0000000100000000)
  region size 1024K, 30 young (30720K), 1 survivors (1024K)
 Metaspace       used 60488K, committed 60800K, reserved 1114112K
  class space    used 6947K, committed 7104K, reserved 1048576K
}
Event: 53.358 GC heap after
{Heap after GC invocations=27 (full 0):
 garbage-first heap   total 128000K, used 75062K [0x00000000c2000000, 0x0000000100000000)
  region size 1024K, 3 young (3072K), 3 survivors (3072K)
 Metaspace       used 60488K, committed 60800K, reserved 1114112K
  class space    used 6947K, committed 7104K, reserved 1048576K
}
Event: 58.688 GC heap before
{Heap before GC invocations=28 (full 0):
 garbage-first heap   total 132096K, used 103734K [0x00000000c2000000, 0x0000000100000000)
  region size 1024K, 31 young (31744K), 3 survivors (3072K)
 Metaspace       used 60722K, committed 61056K, reserved 1114112K
  class space    used 6961K, committed 7168K, reserved 1048576K
}
Event: 58.713 GC heap after
{Heap after GC invocations=29 (full 0):
 garbage-first heap   total 132096K, used 76940K [0x00000000c2000000, 0x0000000100000000)
  region size 1024K, 2 young (2048K), 2 survivors (2048K)
 Metaspace       used 60722K, committed 61056K, reserved 1114112K
  class space    used 6961K, committed 7168K, reserved 1048576K
}
Event: 59.502 GC heap before
{Heap before GC invocations=29 (full 0):
 garbage-first heap   total 132096K, used 81036K [0x00000000c2000000, 0x0000000100000000)
  region size 1024K, 6 young (6144K), 2 survivors (2048K)
 Metaspace       used 60768K, committed 61120K, reserved 1114112K
  class space    used 6962K, committed 7168K, reserved 1048576K
}
Event: 59.525 GC heap after
{Heap after GC invocations=30 (full 0):
 garbage-first heap   total 132096K, used 76872K [0x00000000c2000000, 0x0000000100000000)
  region size 1024K, 1 young (1024K), 1 survivors (1024K)
 Metaspace       used 60768K, committed 61120K, reserved 1114112K
  class space    used 6962K, committed 7168K, reserved 1048576K
}
Event: 63.961 GC heap before
{Heap before GC invocations=30 (full 0):
 garbage-first heap   total 132096K, used 109640K [0x00000000c2000000, 0x0000000100000000)
  region size 1024K, 33 young (33792K), 1 survivors (1024K)
 Metaspace       used 61033K, committed 61376K, reserved 1114112K
  class space    used 6971K, committed 7168K, reserved 1048576K
}
Event: 63.976 GC heap after
{Heap after GC invocations=31 (full 0):
 garbage-first heap   total 132096K, used 79305K [0x00000000c2000000, 0x0000000100000000)
  region size 1024K, 3 young (3072K), 3 survivors (3072K)
 Metaspace       used 61033K, committed 61376K, reserved 1114112K
  class space    used 6971K, committed 7168K, reserved 1048576K
}
Event: 67.845 GC heap before
{Heap before GC invocations=31 (full 0):
 garbage-first heap   total 132096K, used 110025K [0x00000000c2000000, 0x0000000100000000)
  region size 1024K, 33 young (33792K), 3 survivors (3072K)
 Metaspace       used 61251K, committed 61632K, reserved 1114112K
  class space    used 6972K, committed 7168K, reserved 1048576K
}
Event: 67.867 GC heap after
{Heap after GC invocations=32 (full 0):
 garbage-first heap   total 132096K, used 81225K [0x00000000c2000000, 0x0000000100000000)
  region size 1024K, 5 young (5120K), 5 survivors (5120K)
 Metaspace       used 61251K, committed 61632K, reserved 1114112K
  class space    used 6972K, committed 7168K, reserved 1048576K
}
Event: 71.446 GC heap before
{Heap before GC invocations=32 (full 0):
 garbage-first heap   total 132096K, used 109897K [0x00000000c2000000, 0x0000000100000000)
  region size 1024K, 33 young (33792K), 5 survivors (5120K)
 Metaspace       used 61406K, committed 61824K, reserved 1114112K
  class space    used 6976K, committed 7168K, reserved 1048576K
}
Event: 71.492 GC heap after
{Heap after GC invocations=33 (full 0):
 garbage-first heap   total 132096K, used 83683K [0x00000000c2000000, 0x0000000100000000)
  region size 1024K, 5 young (5120K), 5 survivors (5120K)
 Metaspace       used 61406K, committed 61824K, reserved 1114112K
  class space    used 6976K, committed 7168K, reserved 1048576K
}
Event: 74.204 GC heap before
{Heap before GC invocations=34 (full 0):
 garbage-first heap   total 147456K, used 109283K [0x00000000c2000000, 0x0000000100000000)
  region size 1024K, 30 young (30720K), 5 survivors (5120K)
 Metaspace       used 61573K, committed 61952K, reserved 1114112K
  class space    used 6981K, committed 7168K, reserved 1048576K
}
Event: 74.255 GC heap after
{Heap after GC invocations=35 (full 0):
 garbage-first heap   total 147456K, used 85527K [0x00000000c2000000, 0x0000000100000000)
  region size 1024K, 2 young (2048K), 2 survivors (2048K)
 Metaspace       used 61573K, committed 61952K, reserved 1114112K
  class space    used 6981K, committed 7168K, reserved 1048576K
}
Event: 75.040 GC heap before
{Heap before GC invocations=35 (full 0):
 garbage-first heap   total 147456K, used 90647K [0x00000000c2000000, 0x0000000100000000)
  region size 1024K, 7 young (7168K), 2 survivors (2048K)
 Metaspace       used 61625K, committed 62016K, reserved 1114112K
  class space    used 6987K, committed 7168K, reserved 1048576K
}
Event: 75.078 GC heap after
{Heap after GC invocations=36 (full 0):
 garbage-first heap   total 147456K, used 85674K [0x00000000c2000000, 0x0000000100000000)
  region size 1024K, 1 young (1024K), 1 survivors (1024K)
 Metaspace       used 61625K, committed 62016K, reserved 1114112K
  class space    used 6987K, committed 7168K, reserved 1048576K
}

