# JRE version: OpenJDK Runtime Environment Microsoft-8035246 (17.0.8+7) (build 17.0.8+7-LTS)
# Java VM: OpenJDK 64-Bit Server VM Microsoft-8035246 (17.0.8+7-LTS, mixed mode, sharing, tiered, compressed oops, compressed class ptrs, g1 gc, windows-amd64)
GC Precious Log:
 CPUs: 8 total, 8 available
 Memory: 3962M
 Large Page Support: Disabled
 NUMA Support: Disabled
 Compressed Oops: Enabled (32-bit)
 Heap Region Size: 1M
 Heap Min Capacity: 8M
 Heap Initial Capacity: 62M
 Heap Max Capacity: 2G
 Pre-touch: Disabled
 Parallel Workers: 8
 Concurrent Workers: 2
 Concurrent Refinement Workers: 8
 Periodic GC: Disabled
Heap:
 garbage-first heap   total 377856K, used 225087K [0x0000000080000000, 0x0000000100000000)
  region size 1024K, 46 young (47104K), 10 survivors (10240K)
 Metaspace       used 110901K, committed 112064K, reserved 557056K
  class space    used 15417K, committed 15936K, reserved 425984K
GC Heap History (20 events):
Event: 151.836 GC heap before
{Heap before GC invocations=61 (full 0):
 garbage-first heap   total 242688K, used 191735K [0x0000000080000000, 0x0000000100000000)
  region size 1024K, 83 young (84992K), 13 survivors (13312K)
 Metaspace       used 96782K, committed 97728K, reserved 557056K
  class space    used 13537K, committed 13952K, reserved 425984K
}
Event: 151.942 GC heap after
{Heap after GC invocations=62 (full 0):
 garbage-first heap   total 242688K, used 132081K [0x0000000080000000, 0x0000000100000000)
  region size 1024K, 11 young (11264K), 11 survivors (11264K)
 Metaspace       used 96782K, committed 97728K, reserved 557056K
  class space    used 13537K, committed 13952K, reserved 425984K
}
Event: 155.290 GC heap before
{Heap before GC invocations=62 (full 0):
 garbage-first heap   total 242688K, used 192497K [0x0000000080000000, 0x0000000100000000)
  region size 1024K, 70 young (71680K), 11 survivors (11264K)
 Metaspace       used 100428K, committed 101376K, reserved 557056K
  class space    used 14049K, committed 14464K, reserved 425984K
}
Event: 155.348 GC heap after
{Heap after GC invocations=63 (full 0):
 garbage-first heap   total 242688K, used 135287K [0x0000000080000000, 0x0000000100000000)
  region size 1024K, 3 young (3072K), 3 survivors (3072K)
 Metaspace       used 100428K, committed 101376K, reserved 557056K
  class space    used 14049K, committed 14464K, reserved 425984K
}
Event: 158.033 GC heap before
{Heap before GC invocations=63 (full 0):
 garbage-first heap   total 242688K, used 195703K [0x0000000080000000, 0x0000000100000000)
  region size 1024K, 62 young (63488K), 3 survivors (3072K)
 Metaspace       used 102792K, committed 103808K, reserved 557056K
  class space    used 14359K, committed 14848K, reserved 425984K
}
Event: 158.049 GC heap after
{Heap after GC invocations=64 (full 0):
 garbage-first heap   total 242688K, used 140371K [0x0000000080000000, 0x0000000100000000)
  region size 1024K, 8 young (8192K), 8 survivors (8192K)
 Metaspace       used 102792K, committed 103808K, reserved 557056K
  class space    used 14359K, committed 14848K, reserved 425984K
}
Event: 158.972 GC heap before
{Heap before GC invocations=64 (full 0):
 garbage-first heap   total 242688K, used 198739K [0x0000000080000000, 0x0000000100000000)
  region size 1024K, 65 young (66560K), 8 survivors (8192K)
 Metaspace       used 103030K, committed 104000K, reserved 557056K
  class space    used 14382K, committed 14848K, reserved 425984K
}
Event: 159.002 GC heap after
{Heap after GC invocations=65 (full 0):
 garbage-first heap   total 242688K, used 150359K [0x0000000080000000, 0x0000000100000000)
  region size 1024K, 9 young (9216K), 9 survivors (9216K)
 Metaspace       used 103030K, committed 104000K, reserved 557056K
  class space    used 14382K, committed 14848K, reserved 425984K
}
Event: 161.587 GC heap before
{Heap before GC invocations=65 (full 0):
 garbage-first heap   total 242688K, used 198487K [0x0000000080000000, 0x0000000100000000)
  region size 1024K, 56 young (57344K), 9 survivors (9216K)
 Metaspace       used 103397K, committed 104448K, reserved 557056K
  class space    used 14418K, committed 14912K, reserved 425984K
}
Event: 161.621 GC heap after
{Heap after GC invocations=66 (full 0):
 garbage-first heap   total 242688K, used 158565K [0x0000000080000000, 0x0000000100000000)
  region size 1024K, 7 young (7168K), 7 survivors (7168K)
 Metaspace       used 103397K, committed 104448K, reserved 557056K
  class space    used 14418K, committed 14912K, reserved 425984K
}
Event: 163.223 GC heap before
{Heap before GC invocations=66 (full 0):
 garbage-first heap   total 242688K, used 201573K [0x0000000080000000, 0x0000000100000000)
  region size 1024K, 48 young (49152K), 7 survivors (7168K)
 Metaspace       used 104333K, committed 105408K, reserved 557056K
  class space    used 14550K, committed 15040K, reserved 425984K
}
Event: 163.277 GC heap after
{Heap after GC invocations=67 (full 0):
 garbage-first heap   total 242688K, used 170202K [0x0000000080000000, 0x0000000100000000)
  region size 1024K, 6 young (6144K), 6 survivors (6144K)
 Metaspace       used 104333K, committed 105408K, reserved 557056K
  class space    used 14550K, committed 15040K, reserved 425984K
}
Event: 164.328 GC heap before
{Heap before GC invocations=68 (full 0):
 garbage-first heap   total 314368K, used 197850K [0x0000000080000000, 0x0000000100000000)
  region size 1024K, 33 young (33792K), 6 survivors (6144K)
 Metaspace       used 106557K, committed 107648K, reserved 557056K
  class space    used 14909K, committed 15360K, reserved 425984K
}
Event: 164.342 GC heap after
{Heap after GC invocations=69 (full 0):
 garbage-first heap   total 314368K, used 172802K [0x0000000080000000, 0x0000000100000000)
  region size 1024K, 2 young (2048K), 2 survivors (2048K)
 Metaspace       used 106557K, committed 107648K, reserved 557056K
  class space    used 14909K, committed 15360K, reserved 425984K
}
Event: 165.010 GC heap before
{Heap before GC invocations=69 (full 0):
 garbage-first heap   total 314368K, used 186114K [0x0000000080000000, 0x0000000100000000)
  region size 1024K, 15 young (15360K), 2 survivors (2048K)
 Metaspace       used 108407K, committed 109504K, reserved 557056K
  class space    used 15124K, committed 15616K, reserved 425984K
}
Event: 165.031 GC heap after
{Heap after GC invocations=70 (full 0):
 garbage-first heap   total 314368K, used 172410K [0x0000000080000000, 0x0000000100000000)
  region size 1024K, 1 young (1024K), 1 survivors (1024K)
 Metaspace       used 108407K, committed 109504K, reserved 557056K
  class space    used 15124K, committed 15616K, reserved 425984K
}
Event: 167.740 GC heap before
{Heap before GC invocations=70 (full 0):
 garbage-first heap   total 314368K, used 246138K [0x0000000080000000, 0x0000000100000000)
  region size 1024K, 73 young (74752K), 1 survivors (1024K)
 Metaspace       used 109469K, committed 110592K, reserved 557056K
  class space    used 15212K, committed 15744K, reserved 425984K
}
Event: 167.766 GC heap after
{Heap after GC invocations=71 (full 0):
 garbage-first heap   total 377856K, used 180965K [0x0000000080000000, 0x0000000100000000)
  region size 1024K, 10 young (10240K), 10 survivors (10240K)
 Metaspace       used 109469K, committed 110592K, reserved 557056K
  class space    used 15212K, committed 15744K, reserved 425984K
}
Event: 171.448 GC heap before
{Heap before GC invocations=71 (full 0):
 garbage-first heap   total 377856K, used 287461K [0x0000000080000000, 0x0000000100000000)
  region size 1024K, 115 young (117760K), 10 survivors (10240K)
 Metaspace       used 110885K, committed 112064K, reserved 557056K
  class space    used 15416K, committed 15936K, reserved 425984K
}
Event: 171.532 GC heap after
{Heap after GC invocations=72 (full 0):
 garbage-first heap   total 377856K, used 190271K [0x0000000080000000, 0x0000000100000000)
  region size 1024K, 10 young (10240K), 10 survivors (10240K)
 Metaspace       used 110885K, committed 112064K, reserved 557056K
  class space    used 15416K, committed 15936K, reserved 425984K
}

